c:\users\2210d\source\repos\traineetask\traineetask\x64\debug\vc142.pdb
c:\users\2210d\source\repos\traineetask\traineetask\x64\debug\vc142.idb
c:\users\2210d\source\repos\traineetask\traineetask\x64\debug\triangle.obj
c:\users\2210d\source\repos\traineetask\traineetask\x64\debug\traineetask.obj
c:\users\2210d\source\repos\traineetask\traineetask\x64\debug\rectangle.obj
c:\users\2210d\source\repos\traineetask\traineetask\x64\debug\polyline.obj
c:\users\2210d\source\repos\traineetask\traineetask\x64\debug\point.obj
c:\users\2210d\source\repos\traineetask\traineetask\x64\debug\factory.obj
c:\users\2210d\source\repos\traineetask\traineetask\x64\debug\color.obj
c:\users\2210d\source\repos\traineetask\traineetask\x64\debug\circle.obj
c:\users\2210d\source\repos\traineetask\traineetask\x64\debug\boundingbox.obj
c:\users\2210d\source\repos\traineetask\traineetask\x64\debug\baseobject.obj
c:\users\2210d\source\repos\traineetask\traineetask\x64\debug\traineetask.ilk
c:\users\2210d\source\repos\traineetask\x64\debug\traineetask.exe
c:\users\2210d\source\repos\traineetask\x64\debug\traineetask.pdb
c:\users\2210d\source\repos\traineetask\traineetask\x64\debug\traineetask.tlog\cl.command.1.tlog
c:\users\2210d\source\repos\traineetask\traineetask\x64\debug\traineetask.tlog\cl.read.1.tlog
c:\users\2210d\source\repos\traineetask\traineetask\x64\debug\traineetask.tlog\cl.write.1.tlog
c:\users\2210d\source\repos\traineetask\traineetask\x64\debug\traineetask.tlog\link.command.1.tlog
c:\users\2210d\source\repos\traineetask\traineetask\x64\debug\traineetask.tlog\link.read.1.tlog
c:\users\2210d\source\repos\traineetask\traineetask\x64\debug\traineetask.tlog\link.write.1.tlog
